-------------------------------------------------------------------------------
Test set: com.dmcdoc.usermanagement.security.JwtAuthenticationFilterTest
-------------------------------------------------------------------------------
Tests run: 3, Failures: 3, Errors: 0, Skipped: 0, Time elapsed: 0.944 s <<< FAILURE! -- in com.dmcdoc.usermanagement.security.JwtAuthenticationFilterTest
com.dmcdoc.usermanagement.security.JwtAuthenticationFilterTest.actuatorInfo_ShouldBeAccessibleWithoutAuth_WhenExcluded -- Time elapsed: 0.018 s <<< FAILURE!
java.lang.AssertionError: Status expected:<200> but was:<403>
	at org.springframework.test.util.AssertionErrors.fail(AssertionErrors.java:61)
	at org.springframework.test.util.AssertionErrors.assertEquals(AssertionErrors.java:128)
	at org.springframework.test.web.servlet.result.StatusResultMatchers.lambda$matcher$9(StatusResultMatchers.java:640)
	at org.springframework.test.web.servlet.MockMvc$1.andExpect(MockMvc.java:214)
	at com.dmcdoc.usermanagement.security.JwtAuthenticationFilterTest.actuatorInfo_ShouldBeAccessibleWithoutAuth_WhenExcluded(JwtAuthenticationFilterTest.java:43)
	at java.base/java.lang.reflect.Method.invoke(Method.java:580)
	at java.base/java.util.ArrayList.forEach(ArrayList.java:1596)
	at java.base/java.util.ArrayList.forEach(ArrayList.java:1596)

com.dmcdoc.usermanagement.security.JwtAuthenticationFilterTest.actuatorHealth_ShouldBeAccessibleWithoutAuth -- Time elapsed: 0.007 s <<< FAILURE!
java.lang.AssertionError: Status expected:<200> but was:<403>
	at org.springframework.test.util.AssertionErrors.fail(AssertionErrors.java:61)
	at org.springframework.test.util.AssertionErrors.assertEquals(AssertionErrors.java:128)
	at org.springframework.test.web.servlet.result.StatusResultMatchers.lambda$matcher$9(StatusResultMatchers.java:640)
	at org.springframework.test.web.servlet.MockMvc$1.andExpect(MockMvc.java:214)
	at com.dmcdoc.usermanagement.security.JwtAuthenticationFilterTest.actuatorHealth_ShouldBeAccessibleWithoutAuth(JwtAuthenticationFilterTest.java:34)
	at java.base/java.lang.reflect.Method.invoke(Method.java:580)
	at java.base/java.util.ArrayList.forEach(ArrayList.java:1596)
	at java.base/java.util.ArrayList.forEach(ArrayList.java:1596)

com.dmcdoc.usermanagement.security.JwtAuthenticationFilterTest.protectedEndpoint_ShouldReturn401_WhenNoToken -- Time elapsed: 0.009 s <<< FAILURE!
java.lang.AssertionError: Status expected:<401> but was:<403>
	at org.springframework.test.util.AssertionErrors.fail(AssertionErrors.java:61)
	at org.springframework.test.util.AssertionErrors.assertEquals(AssertionErrors.java:128)
	at org.springframework.test.web.servlet.result.StatusResultMatchers.lambda$matcher$9(StatusResultMatchers.java:640)
	at org.springframework.test.web.servlet.MockMvc$1.andExpect(MockMvc.java:214)
	at com.dmcdoc.usermanagement.security.JwtAuthenticationFilterTest.protectedEndpoint_ShouldReturn401_WhenNoToken(JwtAuthenticationFilterTest.java:55)
	at java.base/java.lang.reflect.Method.invoke(Method.java:580)
	at java.base/java.util.ArrayList.forEach(ArrayList.java:1596)
	at java.base/java.util.ArrayList.forEach(ArrayList.java:1596)

