-------------------------------------------------------------------------------
Test set: com.dmcdoc.usermanagement.RoleInitializerIntegrationTest
-------------------------------------------------------------------------------
Tests run: 2, Failures: 2, Errors: 0, Skipped: 0, Time elapsed: 1.485 s <<< FAILURE! -- in com.dmcdoc.usermanagement.RoleInitializerIntegrationTest
com.dmcdoc.usermanagement.RoleInitializerIntegrationTest.initializedRolesShouldHaveCorrectNames -- Time elapsed: 0.447 s <<< FAILURE!
org.opentest4j.AssertionFailedError: expected: <true> but was: <false>
	at org.junit.jupiter.api.AssertionFailureBuilder.build(AssertionFailureBuilder.java:151)
	at org.junit.jupiter.api.AssertionFailureBuilder.buildAndThrow(AssertionFailureBuilder.java:132)
	at org.junit.jupiter.api.AssertTrue.failNotTrue(AssertTrue.java:63)
	at org.junit.jupiter.api.AssertTrue.assertTrue(AssertTrue.java:36)
	at org.junit.jupiter.api.AssertTrue.assertTrue(AssertTrue.java:31)
	at org.junit.jupiter.api.Assertions.assertTrue(Assertions.java:183)
	at com.dmcdoc.usermanagement.RoleInitializerIntegrationTest.initializedRolesShouldHaveCorrectNames(RoleInitializerIntegrationTest.java:34)
	at java.base/java.lang.reflect.Method.invoke(Method.java:580)
	at java.base/java.util.ArrayList.forEach(ArrayList.java:1596)
	at java.base/java.util.ArrayList.forEach(ArrayList.java:1596)

com.dmcdoc.usermanagement.RoleInitializerIntegrationTest.rolesShouldBeInitializedAtStartup -- Time elapsed: 0.009 s <<< FAILURE!
org.opentest4j.AssertionFailedError: ROLE_USER should be initialized ==> expected: <true> but was: <false>
	at org.junit.jupiter.api.AssertionFailureBuilder.build(AssertionFailureBuilder.java:151)
	at org.junit.jupiter.api.AssertionFailureBuilder.buildAndThrow(AssertionFailureBuilder.java:132)
	at org.junit.jupiter.api.AssertTrue.failNotTrue(AssertTrue.java:63)
	at org.junit.jupiter.api.AssertTrue.assertTrue(AssertTrue.java:36)
	at org.junit.jupiter.api.Assertions.assertTrue(Assertions.java:214)
	at com.dmcdoc.usermanagement.RoleInitializerIntegrationTest.rolesShouldBeInitializedAtStartup(RoleInitializerIntegrationTest.java:26)
	at java.base/java.lang.reflect.Method.invoke(Method.java:580)
	at java.base/java.util.ArrayList.forEach(ArrayList.java:1596)
	at java.base/java.util.ArrayList.forEach(ArrayList.java:1596)

