<?xml version="1.0" encoding="UTF-8"?>
<testsuite xmlns:xsi="http://www.w3.org/2001/XMLSchema-instance" xsi:noNamespaceSchemaLocation="https://maven.apache.org/surefire/maven-surefire-plugin/xsd/surefire-test-report-3.0.xsd" version="3.0" name="com.example.usermanagement.security.LoginIntegrationTest" time="0.199" tests="1" errors="0" skipped="0" failures="1">
  <properties>
[...]
</properties>
  <testcase name="testRegisterAndLoginSeparateTransactions" classname="com.example.usermanagement.security.LoginIntegrationTest" time="0.195">
    <failure message="Status expected:&lt;200&gt; but was:&lt;500&gt;" type="java.lang.AssertionError"><![CDATA[java.lang.AssertionError: Status expected:<200> but was:<500>
	at org.springframework.test.util.AssertionErrors.fail(AssertionErrors.java:61)
	at org.springframework.test.util.AssertionErrors.assertEquals(AssertionErrors.java:128)
	at org.springframework.test.web.servlet.result.StatusResultMatchers.lambda$matcher$9(StatusResultMatchers.java:640)
	at org.springframework.test.web.servlet.MockMvc$1.andExpect(MockMvc.java:214)
	at com.example.usermanagement.security.LoginIntegrationTest.testRegisterAndLoginSeparateTransactions(LoginIntegrationTest.java:53)
	at java.base/java.lang.reflect.Method.invoke(Method.java:580)
	at java.base/java.util.ArrayList.forEach(ArrayList.java:1596)
	at java.base/java.util.ArrayList.forEach(ArrayList.java:1596)
]]></failure>
    <system-out><![CDATA[2025-09-19T20:44:08.079+02:00 DEBUG 7544 --- [UserManagementAPI] [           main] .b.t.c.SpringBootTestContextBootstrapper : Neither @ContextConfiguration nor @ContextHierarchy found for test class [LoginIntegrationTest]: using SpringBootContextLoader
2025-09-19T20:44:08.079+02:00 DEBUG 7544 --- [UserManagementAPI] [           main] o.s.t.c.support.AbstractContextLoader    : Could not detect default resource locations for test class [com.example.usermanagement.security.LoginIntegrationTest]: no resource found for suffixes {-context.xml, Context.groovy}.
2025-09-19T20:44:08.079+02:00  INFO 7544 --- [UserManagementAPI] [           main] t.c.s.AnnotationConfigContextLoaderUtils : Could not detect default configuration classes for test class [com.example.usermanagement.security.LoginIntegrationTest]: LoginIntegrationTest does not declare any static, non-private, non-final, nested classes annotated with @Configuration.
2025-09-19T20:44:08.079+02:00 DEBUG 7544 --- [UserManagementAPI] [           main] .b.t.c.SpringBootTestContextBootstrapper : Using ContextCustomizerFactory implementations for test class [LoginIntegrationTest]: [ImportsContextCustomizerFactory, ExcludeFilterContextCustomizerFactory, HttpGraphQlTesterContextCustomizerFactory, DuplicateJsonObjectContextCustomizerFactory, MockitoContextCustomizerFactory, TestRestTemplateContextCustomizerFactory, WebTestClientContextCustomizerFactory, DisableReactorResourceFactoryGlobalResourcesContextCustomizerFactory, OnFailureConditionReportContextCustomizerFactory, OverrideAutoConfigurationContextCustomizerFactory, ObservabilityContextCustomizerFactory, TypeExcludeFiltersContextCustomizerFactory, PropertyMappingContextCustomizerFactory, WebDriverContextCustomizerFactory, BeanOverrideContextCustomizerFactory, MockServerContainerContextCustomizerFactory, DynamicPropertiesContextCustomizerFactory]
2025-09-19T20:44:08.080+02:00 DEBUG 7544 --- [UserManagementAPI] [           main] .b.t.c.SpringBootTestContextBootstrapper : Using ContextCustomizers for test class [LoginIntegrationTest]: [ImportsContextCustomizer, ExcludeFilterContextCustomizer, DuplicateJsonObjectContextCustomizer, MockitoContextCustomizer, TestRestTemplateContextCustomizer, DisableReactorResourceFactoryGlobalResourcesContextCustomizerCustomizer, OnFailureConditionReportContextCustomizer, DisableObservabilityContextCustomizer, PropertyMappingContextCustomizer, WebDriverContextCustomizer, DynamicPropertiesContextCustomizer]
2025-09-19T20:44:08.080+02:00  INFO 7544 --- [UserManagementAPI] [           main] .b.t.c.SpringBootTestContextBootstrapper : Found @SpringBootConfiguration com.example.usermanagement.UserManagementApplication for test class com.example.usermanagement.security.LoginIntegrationTest
2025-09-19T20:44:08.080+02:00 DEBUG 7544 --- [UserManagementAPI] [           main] .s.t.c.u.TestContextSpringFactoriesUtils : Skipping candidate TestExecutionListener [org.springframework.test.context.observation.MicrometerObservationRegistryTestExecutionListener] due to a missing dependency. Specify custom TestExecutionListener classes or make the default TestExecutionListener classes and their required dependencies available. Offending class: io.micrometer.context.ThreadLocalAccessor. MicrometerObservationRegistryTestExecutionListener requires io.micrometer:micrometer-observation:1.10.8 or higher and io.micrometer:context-propagation:1.0.3 or higher.
2025-09-19T20:44:08.080+02:00 DEBUG 7544 --- [UserManagementAPI] [           main] .b.t.c.SpringBootTestContextBootstrapper : Using TestExecutionListeners for test class [LoginIntegrationTest]: [ServletTestExecutionListener, DirtiesContextBeforeModesTestExecutionListener, ApplicationEventsTestExecutionListener, MockitoTestExecutionListener, BeanOverrideTestExecutionListener, DependencyInjectionTestExecutionListener, DirtiesContextTestExecutionListener, CommonCachesTestExecutionListener, TransactionalTestExecutionListener, SqlScriptsTestExecutionListener, EventPublishingTestExecutionListener, WithSecurityContextTestExecutionListener, ReactorContextTestExecutionListener, ResetMocksTestExecutionListener, RestDocsTestExecutionListener, MockRestServiceServerResetTestExecutionListener, MockMvcPrintOnlyOnFailureTestExecutionListener, WebDriverTestExecutionListener, MockWebServiceServerTestExecutionListener, MockitoResetTestExecutionListener]
2025-09-19T20:44:08.080+02:00 DEBUG 7544 --- [UserManagementAPI] [           main] sContextBeforeModesTestExecutionListener : Before test class: class [LoginIntegrationTest], class annotated with @DirtiesContext [false] with mode [null]
2025-09-19T20:44:08.080+02:00 DEBUG 7544 --- [UserManagementAPI] [           main] org.springframework.test.context.cache   : Spring test ApplicationContext cache statistics: [DefaultContextCache@22b9ac0f size = 3, maxSize = 32, parentContextCount = 0, hitCount = 161, missCount = 5, failureCount = 1]
2025-09-19T20:44:08.080+02:00 DEBUG 7544 --- [UserManagementAPI] [           main] org.springframework.test.context.cache   : Spring test ApplicationContext cache statistics: [DefaultContextCache@22b9ac0f size = 3, maxSize = 32, parentContextCount = 0, hitCount = 162, missCount = 5, failureCount = 1]
2025-09-19T20:44:08.080+02:00 DEBUG 7544 --- [UserManagementAPI] [           main] o.s.t.c.w.ServletTestExecutionListener   : Setting up MockHttpServletRequest, MockHttpServletResponse, ServletWebRequest, and RequestContextHolder for test class com.example.usermanagement.security.LoginIntegrationTest
2025-09-19T20:44:08.080+02:00 DEBUG 7544 --- [UserManagementAPI] [           main] DependencyInjectionTestExecutionListener : Performing dependency injection for test class com.example.usermanagement.security.LoginIntegrationTest
2025-09-19T20:44:08.080+02:00 DEBUG 7544 --- [UserManagementAPI] [           main] org.springframework.test.context.cache   : Spring test ApplicationContext cache statistics: [DefaultContextCache@22b9ac0f size = 3, maxSize = 32, parentContextCount = 0, hitCount = 163, missCount = 5, failureCount = 1]
2025-09-19T20:44:08.081+02:00 DEBUG 7544 --- [UserManagementAPI] [           main] org.springframework.test.context.cache   : Spring test ApplicationContext cache statistics: [DefaultContextCache@22b9ac0f size = 3, maxSize = 32, parentContextCount = 0, hitCount = 164, missCount = 5, failureCount = 1]
2025-09-19T20:44:08.082+02:00 DEBUG 7544 --- [UserManagementAPI] [           main] sContextBeforeModesTestExecutionListener : Before test method: class [LoginIntegrationTest], method [testRegisterAndLoginSeparateTransactions], class annotated with @DirtiesContext [false] with mode [null], method annotated with @DirtiesContext [false] with mode [null]
2025-09-19T20:44:08.083+02:00 DEBUG 7544 --- [UserManagementAPI] [           main] t.c.t.TransactionalTestExecutionListener : Explicit transaction definition [PROPAGATION_NOT_SUPPORTED,ISOLATION_DEFAULT] found for test class [com.example.usermanagement.security.LoginIntegrationTest] and test method [testRegisterAndLoginSeparateTransactions]
2025-09-19T20:44:08.083+02:00 DEBUG 7544 --- [UserManagementAPI] [           main] org.springframework.test.context.cache   : Spring test ApplicationContext cache statistics: [DefaultContextCache@22b9ac0f size = 3, maxSize = 32, parentContextCount = 0, hitCount = 165, missCount = 5, failureCount = 1]
2025-09-19T20:44:08.084+02:00 DEBUG 7544 --- [UserManagementAPI] [           main] org.springframework.test.context.cache   : Spring test ApplicationContext cache statistics: [DefaultContextCache@22b9ac0f size = 3, maxSize = 32, parentContextCount = 0, hitCount = 166, missCount = 5, failureCount = 1]
2025-09-19T20:44:08.084+02:00 DEBUG 7544 --- [UserManagementAPI] [           main] org.springframework.test.context.cache   : Spring test ApplicationContext cache statistics: [DefaultContextCache@22b9ac0f size = 3, maxSize = 32, parentContextCount = 0, hitCount = 167, missCount = 5, failureCount = 1]
2025-09-19T20:44:08.085+02:00 DEBUG 7544 --- [UserManagementAPI] [           main] org.springframework.test.context.cache   : Spring test ApplicationContext cache statistics: [DefaultContextCache@22b9ac0f size = 3, maxSize = 32, parentContextCount = 0, hitCount = 168, missCount = 5, failureCount = 1]
2025-09-19T20:44:08.086+02:00 DEBUG 7544 --- [UserManagementAPI] [           main] o.s.security.web.FilterChainProxy        : Securing POST /users/register
2025-09-19T20:44:08.087+02:00 DEBUG 7544 --- [UserManagementAPI] [           main] o.s.security.web.FilterChainProxy        : Secured POST /users/register
2025-09-19T20:44:08.087+02:00 DEBUG 7544 --- [UserManagementAPI] [           main] o.s.t.web.servlet.TestDispatcherServlet  : POST "/users/register", parameters={}
2025-09-19T20:44:08.087+02:00 DEBUG 7544 --- [UserManagementAPI] [           main] s.w.s.m.m.a.RequestMappingHandlerMapping : Mapped to com.example.usermanagement.controller.UserController#register(RegisterRequest)
2025-09-19T20:44:08.087+02:00 DEBUG 7544 --- [UserManagementAPI] [           main] o.j.s.OpenEntityManagerInViewInterceptor : Opening JPA EntityManager in OpenEntityManagerInViewInterceptor
2025-09-19T20:44:08.088+02:00 DEBUG 7544 --- [UserManagementAPI] [           main] m.m.a.RequestResponseBodyMethodProcessor : Read "application/json;charset=UTF-8" to [com.example.usermanagement.dto.RegisterRequest@524d3e47]
2025-09-19T20:44:08.089+02:00 DEBUG 7544 --- [UserManagementAPI] [           main] o.s.orm.jpa.JpaTransactionManager        : Found thread-bound EntityManager [SessionImpl(1015091036<open>)] for JPA transaction
2025-09-19T20:44:08.089+02:00 DEBUG 7544 --- [UserManagementAPI] [           main] o.s.orm.jpa.JpaTransactionManager        : Creating new transaction with name [com.example.usermanagement.service.UserService.register]: PROPAGATION_REQUIRED,ISOLATION_DEFAULT
2025-09-19T20:44:08.089+02:00 DEBUG 7544 --- [UserManagementAPI] [           main] o.h.e.t.internal.TransactionImpl         : On TransactionImpl creation, JpaCompliance#isJpaTransactionComplianceEnabled == false
2025-09-19T20:44:08.089+02:00 DEBUG 7544 --- [UserManagementAPI] [           main] o.h.e.t.internal.TransactionImpl         : begin
2025-09-19T20:44:08.090+02:00 DEBUG 7544 --- [UserManagementAPI] [           main] o.s.orm.jpa.JpaTransactionManager        : Exposing JPA transaction as JDBC [org.springframework.orm.jpa.vendor.HibernateJpaDialect$HibernateConnectionHandle@6b3fa2ef]
➡️ [UserService] Register user=bob_250a4b
2025-09-19T20:44:08.091+02:00 DEBUG 7544 --- [UserManagementAPI] [           main] org.hibernate.orm.sql.ast.create         : Created new SQL alias : u1_0
2025-09-19T20:44:08.091+02:00 DEBUG 7544 --- [UserManagementAPI] [           main] org.hibernate.orm.sql.ast.create         : Registration of TableGroup [StandardTableGroup(com.example.usermanagement.model.User(10))] with identifierForTableGroup [com.example.usermanagement.model.User] for NavigablePath [com.example.usermanagement.model.User] 
2025-09-19T20:44:08.091+02:00 DEBUG 7544 --- [UserManagementAPI] [           main] o.h.q.sqm.sql.BaseSqmToSqlAstConverter   : Determining mapping-model type for SqmParameter : org.hibernate.query.sqm.tree.expression.SqmJpaCriteriaParameterWrapper@60e978dc
2025-09-19T20:44:08.091+02:00 DEBUG 7544 --- [UserManagementAPI] [           main] o.h.q.sqm.sql.BaseSqmToSqlAstConverter   : Determining mapping-model type for SqmPath : SqmBasicValuedSimplePath(com.example.usermanagement.model.User(10).username) 
2025-09-19T20:44:08.091+02:00 DEBUG 7544 --- [UserManagementAPI] [           main] org.hibernate.orm.results.graph.AST      : DomainResult Graph:
 \-BasicResult [com.example.usermanagement.model.User(10).id]

2025-09-19T20:44:08.091+02:00 DEBUG 7544 --- [UserManagementAPI] [           main] org.hibernate.orm.sql.ast.tree           : SQL AST Tree:
    SelectStatement {
      FromClause {
        StandardTableGroup (u1 : com.example.usermanagement.model.User(10)) {
          primaryTableReference : users as u1_0
        }
      }
    }

2025-09-19T20:44:08.091+02:00 DEBUG 7544 --- [UserManagementAPI] [           main] org.hibernate.orm.sql.exec               : Skipping reading Query result cache data: cache-enabled = false, cache-mode = NORMAL
2025-09-19T20:44:08.091+02:00 DEBUG 7544 --- [UserManagementAPI] [           main] org.hibernate.SQL                        : select u1_0.id from users u1_0 where u1_0.username=? fetch first ? rows only
Hibernate: select u1_0.id from users u1_0 where u1_0.username=? fetch first ? rows only
2025-09-19T20:44:08.092+02:00 DEBUG 7544 --- [UserManagementAPI] [           main] org.hibernate.orm.results                : Initializer list is empty
2025-09-19T20:44:08.093+02:00 DEBUG 7544 --- [UserManagementAPI] [           main] org.hibernate.orm.sql.ast.create         : Created new SQL alias : u1_0
2025-09-19T20:44:08.093+02:00 DEBUG 7544 --- [UserManagementAPI] [           main] org.hibernate.orm.sql.ast.create         : Registration of TableGroup [StandardTableGroup(com.example.usermanagement.model.User(12))] with identifierForTableGroup [com.example.usermanagement.model.User] for NavigablePath [com.example.usermanagement.model.User] 
2025-09-19T20:44:08.093+02:00 DEBUG 7544 --- [UserManagementAPI] [           main] o.h.q.sqm.sql.BaseSqmToSqlAstConverter   : Determining mapping-model type for SqmParameter : org.hibernate.query.sqm.tree.expression.SqmJpaCriteriaParameterWrapper@7f0f104b
2025-09-19T20:44:08.093+02:00 DEBUG 7544 --- [UserManagementAPI] [           main] o.h.q.sqm.sql.BaseSqmToSqlAstConverter   : Determining mapping-model type for SqmPath : SqmBasicValuedSimplePath(com.example.usermanagement.model.User(12).email) 
2025-09-19T20:44:08.093+02:00 DEBUG 7544 --- [UserManagementAPI] [           main] org.hibernate.orm.results.graph.AST      : DomainResult Graph:
 \-BasicResult [com.example.usermanagement.model.User(12).id]

2025-09-19T20:44:08.093+02:00 DEBUG 7544 --- [UserManagementAPI] [           main] org.hibernate.orm.sql.ast.tree           : SQL AST Tree:
    SelectStatement {
      FromClause {
        StandardTableGroup (u1 : com.example.usermanagement.model.User(12)) {
          primaryTableReference : users as u1_0
        }
      }
    }

2025-09-19T20:44:08.094+02:00 DEBUG 7544 --- [UserManagementAPI] [           main] org.hibernate.orm.sql.exec               : Skipping reading Query result cache data: cache-enabled = false, cache-mode = NORMAL
2025-09-19T20:44:08.094+02:00 DEBUG 7544 --- [UserManagementAPI] [           main] org.hibernate.SQL                        : select u1_0.id from users u1_0 where u1_0.email=? fetch first ? rows only
Hibernate: select u1_0.id from users u1_0 where u1_0.email=? fetch first ? rows only
2025-09-19T20:44:08.095+02:00 DEBUG 7544 --- [UserManagementAPI] [           main] org.hibernate.orm.results                : Initializer list is empty
2025-09-19T20:44:08.095+02:00 DEBUG 7544 --- [UserManagementAPI] [           main] org.hibernate.orm.sql.ast.create         : Created new SQL alias : r1_0
2025-09-19T20:44:08.095+02:00 DEBUG 7544 --- [UserManagementAPI] [           main] org.hibernate.orm.sql.ast.create         : Registration of TableGroup [StandardTableGroup(com.example.usermanagement.model.Role(2))] with identifierForTableGroup [com.example.usermanagement.model.Role] for NavigablePath [com.example.usermanagement.model.Role] 
2025-09-19T20:44:08.095+02:00 DEBUG 7544 --- [UserManagementAPI] [           main] o.h.q.sqm.sql.BaseSqmToSqlAstConverter   : Determining mapping-model type for SqmParameter : org.hibernate.query.sqm.tree.expression.SqmJpaCriteriaParameterWrapper@462d4f3c
2025-09-19T20:44:08.095+02:00 DEBUG 7544 --- [UserManagementAPI] [           main] o.h.q.sqm.sql.BaseSqmToSqlAstConverter   : Determining mapping-model type for SqmPath : SqmBasicValuedSimplePath(com.example.usermanagement.model.Role(2).name) 
2025-09-19T20:44:08.095+02:00 DEBUG 7544 --- [UserManagementAPI] [           main] org.hibernate.orm.results.graph.AST      : DomainResult Graph:
 \-EntityResultImpl [com.example.usermanagement.model.Role(2)]
 |  \-BasicFetch [com.example.usermanagement.model.Role(2).name]

2025-09-19T20:44:08.096+02:00 DEBUG 7544 --- [UserManagementAPI] [           main] org.hibernate.orm.sql.ast.tree           : SQL AST Tree:
    SelectStatement {
      FromClause {
        StandardTableGroup (r1 : com.example.usermanagement.model.Role(2)) {
          primaryTableReference : roles as r1_0
        }
      }
    }

2025-09-19T20:44:08.096+02:00 DEBUG 7544 --- [UserManagementAPI] [           main] org.hibernate.orm.sql.exec               : Skipping reading Query result cache data: cache-enabled = false, cache-mode = NORMAL
2025-09-19T20:44:08.096+02:00 DEBUG 7544 --- [UserManagementAPI] [           main] org.hibernate.SQL                        : select r1_0.id,r1_0.name from roles r1_0 where r1_0.name=?
Hibernate: select r1_0.id,r1_0.name from roles r1_0 where r1_0.name=?
2025-09-19T20:44:08.097+02:00 DEBUG 7544 --- [UserManagementAPI] [           main] org.hibernate.orm.results                : Initializer list:
	  com.example.usermanagement.model.Role(2) -> EntityJoinedFetchInitializer(com.example.usermanagement.model.Role(2))@1128777650 (SingleTableEntityPersister(com.example.usermanagement.model.Role))

2025-09-19T20:44:08.147+02:00 DEBUG 7544 --- [UserManagementAPI] [           main] o.s.orm.jpa.JpaTransactionManager        : Found thread-bound EntityManager [SessionImpl(1015091036<open>)] for JPA transaction
2025-09-19T20:44:08.147+02:00 DEBUG 7544 --- [UserManagementAPI] [           main] o.s.orm.jpa.JpaTransactionManager        : Participating in existing transaction
2025-09-19T20:44:08.147+02:00 DEBUG 7544 --- [UserManagementAPI] [           main] o.h.j.internal.PersistenceUnitUtilImpl   : jakarta.persistence.PersistenceUnitUtil.getIdentifier is only intended to work with enhanced entities (although Hibernate also adapts this support to its proxies); however the passed entity was not enhanced (nor a proxy).. may not be able to read identifier
2025-09-19T20:44:08.147+02:00 DEBUG 7544 --- [UserManagementAPI] [           main] org.hibernate.engine.spi.ActionQueue     : Executing identity-insert immediately
2025-09-19T20:44:08.148+02:00 DEBUG 7544 --- [UserManagementAPI] [           main] org.hibernate.SQL                        : insert into users (email,enabled,full_name,password,username) values (?,?,?,?,?)
Hibernate: insert into users (email,enabled,full_name,password,username) values (?,?,?,?,?)
2025-09-19T20:44:08.150+02:00 DEBUG 7544 --- [UserManagementAPI] [           main] org.hibernate.orm.results                : Initializer list is empty
2025-09-19T20:44:08.150+02:00 DEBUG 7544 --- [UserManagementAPI] [           main] o.h.id.IdentifierGeneratorHelper         : Extracted generated values [com.example.usermanagement.model.User]: [Ljava.lang.Object;@337a9406
✅ [UserService] User enregistré id=2
🔑 [UserService] Access token généré
>>> deleteByUserId=2
2025-09-19T20:44:08.152+02:00 DEBUG 7544 --- [UserManagementAPI] [           main] o.h.e.i.AbstractFlushingEventListener    : Processing flush-time cascades
2025-09-19T20:44:08.152+02:00 DEBUG 7544 --- [UserManagementAPI] [           main] o.h.e.i.AbstractFlushingEventListener    : Dirty checking collections
2025-09-19T20:44:08.152+02:00 DEBUG 7544 --- [UserManagementAPI] [           main] org.hibernate.orm.sql.ast.create         : Created new SQL alias : rt1_0
2025-09-19T20:44:08.152+02:00 DEBUG 7544 --- [UserManagementAPI] [           main] org.hibernate.orm.sql.ast.create         : Registration of TableGroup [StandardTableGroup(com.example.usermanagement.model.RefreshToken(17))] with identifierForTableGroup [com.example.usermanagement.model.RefreshToken] for NavigablePath [com.example.usermanagement.model.RefreshToken] 
2025-09-19T20:44:08.152+02:00 DEBUG 7544 --- [UserManagementAPI] [           main] org.hibernate.orm.sql.ast.create         : Registration of TableGroup [org.hibernate.sql.ast.tree.from.LazyTableGroup@53ce7e1c] with identifierForTableGroup [com.example.usermanagement.model.RefreshToken(17).user] for NavigablePath [com.example.usermanagement.model.RefreshToken(17).user] 
2025-09-19T20:44:08.152+02:00 DEBUG 7544 --- [UserManagementAPI] [           main] org.hibernate.orm.sql.ast.create         : Created new SQL alias : u1_0
2025-09-19T20:44:08.152+02:00 DEBUG 7544 --- [UserManagementAPI] [           main] o.h.q.sqm.sql.BaseSqmToSqlAstConverter   : Determining mapping-model type for SqmParameter : org.hibernate.query.sqm.tree.expression.SqmJpaCriteriaParameterWrapper@4b787980
2025-09-19T20:44:08.152+02:00 DEBUG 7544 --- [UserManagementAPI] [           main] o.h.q.sqm.sql.BaseSqmToSqlAstConverter   : Determining mapping-model type for SqmPath : SqmBasicValuedSimplePath(com.example.usermanagement.model.RefreshToken(17).user(18).id) 
2025-09-19T20:44:08.152+02:00 DEBUG 7544 --- [UserManagementAPI] [           main] org.hibernate.orm.results.graph.AST      : DomainResult Graph:
 \-EntityResultImpl [com.example.usermanagement.model.RefreshToken(17)]
 |  +-BasicFetch [com.example.usermanagement.model.RefreshToken(17).expiryDate]
 |  +-BasicFetch [com.example.usermanagement.model.RefreshToken(17).token]
 |  \-CircularFetchImpl [com.example.usermanagement.model.RefreshToken(17).user]

2025-09-19T20:44:08.152+02:00 DEBUG 7544 --- [UserManagementAPI] [           main] org.hibernate.orm.sql.ast.tree           : SQL AST Tree:
    SelectStatement {
      FromClause {
        StandardTableGroup (rt1 : com.example.usermanagement.model.RefreshToken(17)) {
          primaryTableReference : refresh_tokens as rt1_0
          TableGroupJoins {
            left  join LazyTableGroup (u1 : com.example.usermanagement.model.RefreshToken(17).user(18)) {
              primaryTableReference : users as u1_0
            }
          }
        }
      }
    }

2025-09-19T20:44:08.153+02:00 DEBUG 7544 --- [UserManagementAPI] [           main] o.hibernate.engine.internal.Collections  : Collection found: [com.example.usermanagement.model.User.refreshTokens#2], was: [<unreferenced>] (initialized)
2025-09-19T20:44:08.153+02:00 DEBUG 7544 --- [UserManagementAPI] [           main] o.hibernate.engine.internal.Collections  : Collection found: [com.example.usermanagement.model.User.roles#2], was: [<unreferenced>] (initialized)
2025-09-19T20:44:08.153+02:00 DEBUG 7544 --- [UserManagementAPI] [           main] o.h.e.i.AbstractFlushingEventListener    : Flushed: 0 insertions, 0 updates, 0 deletions to 2 objects
2025-09-19T20:44:08.153+02:00 DEBUG 7544 --- [UserManagementAPI] [           main] o.h.e.i.AbstractFlushingEventListener    : Flushed: 2 (re)creations, 0 updates, 0 removals to 2 collections
2025-09-19T20:44:08.153+02:00 DEBUG 7544 --- [UserManagementAPI] [           main] o.hibernate.internal.util.EntityPrinter  : Listing entities:
2025-09-19T20:44:08.153+02:00 DEBUG 7544 --- [UserManagementAPI] [           main] o.hibernate.internal.util.EntityPrinter  : com.example.usermanagement.model.User{password=$2a$10$hWmGg6/cfoyLOPNNT2ceW.Wcac/JK8su0y3MB4cU93W.DHMur4XD6, refreshTokens=[], roles=[com.example.usermanagement.model.Role#1], fullName=Bob Marley, id=2, email=bob_250a4b@example.com, enabled=true, username=bob_250a4b}
2025-09-19T20:44:08.153+02:00 DEBUG 7544 --- [UserManagementAPI] [           main] o.hibernate.internal.util.EntityPrinter  : com.example.usermanagement.model.Role{name=ROLE_USER, id=1}
2025-09-19T20:44:08.153+02:00 DEBUG 7544 --- [UserManagementAPI] [           main] org.hibernate.engine.spi.ActionQueue     : Changes must be flushed to space: refresh_tokens
2025-09-19T20:44:08.153+02:00 DEBUG 7544 --- [UserManagementAPI] [           main] org.hibernate.orm.jdbc.mutation          : Inserting collection rows - com.example.usermanagement.model.User.roles : 2
2025-09-19T20:44:08.153+02:00 DEBUG 7544 --- [UserManagementAPI] [           main] org.hibernate.SQL                        : insert into user_roles (user_id,role_id) values (?,?)
Hibernate: insert into user_roles (user_id,role_id) values (?,?)
2025-09-19T20:44:08.153+02:00 DEBUG 7544 --- [UserManagementAPI] [           main] org.hibernate.orm.jdbc.mutation          : Done inserting `1` collection rows : com.example.usermanagement.model.User.roles
2025-09-19T20:44:08.154+02:00 DEBUG 7544 --- [UserManagementAPI] [           main] org.hibernate.orm.sql.exec               : Skipping reading Query result cache data: cache-enabled = false, cache-mode = NORMAL
2025-09-19T20:44:08.154+02:00 DEBUG 7544 --- [UserManagementAPI] [           main] org.hibernate.SQL                        : select rt1_0.id,rt1_0.expiry_date,rt1_0.token,rt1_0.user_id from refresh_tokens rt1_0 left join users u1_0 on u1_0.id=rt1_0.user_id where u1_0.id=?
Hibernate: select rt1_0.id,rt1_0.expiry_date,rt1_0.token,rt1_0.user_id from refresh_tokens rt1_0 left join users u1_0 on u1_0.id=rt1_0.user_id where u1_0.id=?
2025-09-19T20:44:08.154+02:00 DEBUG 7544 --- [UserManagementAPI] [           main] org.hibernate.orm.results                : Initializer list:
	  com.example.usermanagement.model.RefreshToken(17).user -> EntityDelayedFetchInitializer(com.example.usermanagement.model.RefreshToken(17).user)@807361199 (ToOneAttributeMapping(NavigableRole[com.example.usermanagement.model.RefreshToken.user])@1417082490)
	  com.example.usermanagement.model.RefreshToken(17) -> EntityJoinedFetchInitializer(com.example.usermanagement.model.RefreshToken(17))@256311286 (SingleTableEntityPersister(com.example.usermanagement.model.RefreshToken))

2025-09-19T20:44:08.155+02:00 DEBUG 7544 --- [UserManagementAPI] [           main] o.s.orm.jpa.JpaTransactionManager        : Found thread-bound EntityManager [SessionImpl(1015091036<open>)] for JPA transaction
2025-09-19T20:44:08.155+02:00 DEBUG 7544 --- [UserManagementAPI] [           main] o.s.orm.jpa.JpaTransactionManager        : Participating in existing transaction
2025-09-19T20:44:08.155+02:00 DEBUG 7544 --- [UserManagementAPI] [           main] o.h.j.internal.PersistenceUnitUtilImpl   : jakarta.persistence.PersistenceUnitUtil.getIdentifier is only intended to work with enhanced entities (although Hibernate also adapts this support to its proxies); however the passed entity was not enhanced (nor a proxy).. may not be able to read identifier
2025-09-19T20:44:08.155+02:00 DEBUG 7544 --- [UserManagementAPI] [           main] org.hibernate.engine.spi.ActionQueue     : Executing identity-insert immediately
2025-09-19T20:44:08.155+02:00 DEBUG 7544 --- [UserManagementAPI] [           main] org.hibernate.SQL                        : insert into refresh_tokens (expiry_date,token,user_id) values (?,?,?)
Hibernate: insert into refresh_tokens (expiry_date,token,user_id) values (?,?,?)
2025-09-19T20:44:08.156+02:00 DEBUG 7544 --- [UserManagementAPI] [           main] org.hibernate.orm.results                : Initializer list is empty
2025-09-19T20:44:08.156+02:00 DEBUG 7544 --- [UserManagementAPI] [           main] o.h.id.IdentifierGeneratorHelper         : Extracted generated values [com.example.usermanagement.model.RefreshToken]: [Ljava.lang.Object;@1f41362
🔄 [UserService] Refresh token généré
2025-09-19T20:44:08.156+02:00 DEBUG 7544 --- [UserManagementAPI] [           main] o.s.orm.jpa.JpaTransactionManager        : Initiating transaction commit
2025-09-19T20:44:08.156+02:00 DEBUG 7544 --- [UserManagementAPI] [           main] o.s.orm.jpa.JpaTransactionManager        : Committing JPA transaction on EntityManager [SessionImpl(1015091036<open>)]
2025-09-19T20:44:08.156+02:00 DEBUG 7544 --- [UserManagementAPI] [           main] o.h.e.t.internal.TransactionImpl         : committing
2025-09-19T20:44:08.156+02:00 DEBUG 7544 --- [UserManagementAPI] [           main] o.h.e.i.AbstractFlushingEventListener    : Processing flush-time cascades
2025-09-19T20:44:08.156+02:00 DEBUG 7544 --- [UserManagementAPI] [           main] o.h.e.i.AbstractFlushingEventListener    : Dirty checking collections
2025-09-19T20:44:08.156+02:00 DEBUG 7544 --- [UserManagementAPI] [           main] o.hibernate.engine.internal.Collections  : Collection found: [com.example.usermanagement.model.User.refreshTokens#2], was: [com.example.usermanagement.model.User.refreshTokens#2] (initialized)
2025-09-19T20:44:08.156+02:00 DEBUG 7544 --- [UserManagementAPI] [           main] o.hibernate.engine.internal.Collections  : Collection found: [com.example.usermanagement.model.User.roles#2], was: [com.example.usermanagement.model.User.roles#2] (initialized)
2025-09-19T20:44:08.156+02:00 DEBUG 7544 --- [UserManagementAPI] [           main] o.h.e.i.AbstractFlushingEventListener    : Flushed: 0 insertions, 0 updates, 0 deletions to 3 objects
2025-09-19T20:44:08.156+02:00 DEBUG 7544 --- [UserManagementAPI] [           main] o.h.e.i.AbstractFlushingEventListener    : Flushed: 0 (re)creations, 0 updates, 0 removals to 2 collections
2025-09-19T20:44:08.156+02:00 DEBUG 7544 --- [UserManagementAPI] [           main] o.hibernate.internal.util.EntityPrinter  : Listing entities:
2025-09-19T20:44:08.157+02:00 DEBUG 7544 --- [UserManagementAPI] [           main] o.hibernate.internal.util.EntityPrinter  : com.example.usermanagement.model.RefreshToken{expiryDate=2025-09-26T18:44:08.155157900Z, id=2, user=com.example.usermanagement.model.User#2, token=20664a19-11a8-4d2b-91e9-d0b3771ac4c0}
2025-09-19T20:44:08.157+02:00 DEBUG 7544 --- [UserManagementAPI] [           main] o.hibernate.internal.util.EntityPrinter  : com.example.usermanagement.model.User{password=$2a$10$hWmGg6/cfoyLOPNNT2ceW.Wcac/JK8su0y3MB4cU93W.DHMur4XD6, refreshTokens=[], roles=[com.example.usermanagement.model.Role#1], fullName=Bob Marley, id=2, email=bob_250a4b@example.com, enabled=true, username=bob_250a4b}
2025-09-19T20:44:08.157+02:00 DEBUG 7544 --- [UserManagementAPI] [           main] o.hibernate.internal.util.EntityPrinter  : com.example.usermanagement.model.Role{name=ROLE_USER, id=1}
2025-09-19T20:44:08.158+02:00 DEBUG 7544 --- [UserManagementAPI] [           main] o.s.orm.jpa.JpaTransactionManager        : Not closing pre-bound JPA EntityManager after transaction
2025-09-19T20:44:08.159+02:00 DEBUG 7544 --- [UserManagementAPI] [           main] o.s.w.s.m.m.a.HttpEntityMethodProcessor  : Using 'application/json', given [*/*] and supported [application/json, application/*+json]
2025-09-19T20:44:08.159+02:00 DEBUG 7544 --- [UserManagementAPI] [           main] o.s.w.s.m.m.a.HttpEntityMethodProcessor  : Writing [AuthResponse(accessToken=eyJhbGciOiJIUzUxMiJ9.eyJzdWIiOiJib2JfMjUwYTRiIiwiaWF0IjoxNzU4MzA3NDQ4LCJleH (truncated)...]
2025-09-19T20:44:08.159+02:00 DEBUG 7544 --- [UserManagementAPI] [           main] o.j.s.OpenEntityManagerInViewInterceptor : Closing JPA EntityManager in OpenEntityManagerInViewInterceptor
2025-09-19T20:44:08.159+02:00 DEBUG 7544 --- [UserManagementAPI] [           main] o.s.t.web.servlet.TestDispatcherServlet  : Completed 201 CREATED
2025-09-19T20:44:08.159+02:00 DEBUG 7544 --- [UserManagementAPI] [           main] o.s.s.w.a.AnonymousAuthenticationFilter  : Set SecurityContextHolder to anonymous SecurityContext
2025-09-19T20:44:08.160+02:00 DEBUG 7544 --- [UserManagementAPI] [           main] o.s.security.web.FilterChainProxy        : Securing POST /users/login
2025-09-19T20:44:08.160+02:00 DEBUG 7544 --- [UserManagementAPI] [           main] o.s.security.web.FilterChainProxy        : Secured POST /users/login
2025-09-19T20:44:08.160+02:00 DEBUG 7544 --- [UserManagementAPI] [           main] o.s.t.web.servlet.TestDispatcherServlet  : POST "/users/login", parameters={}
2025-09-19T20:44:08.161+02:00 DEBUG 7544 --- [UserManagementAPI] [           main] s.w.s.m.m.a.RequestMappingHandlerMapping : Mapped to com.example.usermanagement.controller.UserController#login(LoginRequest)
2025-09-19T20:44:08.161+02:00 DEBUG 7544 --- [UserManagementAPI] [           main] o.j.s.OpenEntityManagerInViewInterceptor : Opening JPA EntityManager in OpenEntityManagerInViewInterceptor
2025-09-19T20:44:08.162+02:00 DEBUG 7544 --- [UserManagementAPI] [           main] m.m.a.RequestResponseBodyMethodProcessor : Read "application/json;charset=UTF-8" to [com.example.usermanagement.dto.LoginRequest@4e8b0758]
2025-09-19T20:44:08.162+02:00  INFO 7544 --- [UserManagementAPI] [           main] c.e.u.controller.UserController          : Tentative de connexion pour l'utilisateur : bob_250a4b
➡️ [UserService] Login user=bob_250a4b
2025-09-19T20:44:08.213+02:00 DEBUG 7544 --- [UserManagementAPI] [           main] org.hibernate.orm.sql.ast.create         : Created new SQL alias : u1_0
2025-09-19T20:44:08.213+02:00 DEBUG 7544 --- [UserManagementAPI] [           main] org.hibernate.orm.sql.ast.create         : Registration of TableGroup [StandardTableGroup(com.example.usermanagement.model.User(6))] with identifierForTableGroup [com.example.usermanagement.model.User] for NavigablePath [com.example.usermanagement.model.User] 
2025-09-19T20:44:08.213+02:00 DEBUG 7544 --- [UserManagementAPI] [           main] o.h.q.sqm.sql.BaseSqmToSqlAstConverter   : Determining mapping-model type for SqmParameter : org.hibernate.query.sqm.tree.expression.SqmJpaCriteriaParameterWrapper@75bedaca
2025-09-19T20:44:08.213+02:00 DEBUG 7544 --- [UserManagementAPI] [           main] o.h.q.sqm.sql.BaseSqmToSqlAstConverter   : Determining mapping-model type for SqmPath : SqmBasicValuedSimplePath(com.example.usermanagement.model.User(6).username) 
2025-09-19T20:44:08.213+02:00 DEBUG 7544 --- [UserManagementAPI] [           main] org.hibernate.orm.results.graph.AST      : DomainResult Graph:
 \-EntityResultImpl [com.example.usermanagement.model.User(6)]
 |  +-BasicFetch [com.example.usermanagement.model.User(6).email]
 |  +-BasicFetch [com.example.usermanagement.model.User(6).enabled]
 |  +-BasicFetch [com.example.usermanagement.model.User(6).fullName]
 |  +-BasicFetch [com.example.usermanagement.model.User(6).password]
 |  +-DelayedCollectionFetch [com.example.usermanagement.model.User(6).refreshTokens]
 |  +-SelectEagerCollectionFetch [com.example.usermanagement.model.User(6).roles]
 |  \-BasicFetch [com.example.usermanagement.model.User(6).username]

2025-09-19T20:44:08.213+02:00 DEBUG 7544 --- [UserManagementAPI] [           main] org.hibernate.orm.sql.ast.tree           : SQL AST Tree:
    SelectStatement {
      FromClause {
        StandardTableGroup (u1 : com.example.usermanagement.model.User(6)) {
          primaryTableReference : users as u1_0
        }
      }
    }

2025-09-19T20:44:08.213+02:00 DEBUG 7544 --- [UserManagementAPI] [           main] org.hibernate.orm.sql.exec               : Skipping reading Query result cache data: cache-enabled = false, cache-mode = NORMAL
2025-09-19T20:44:08.213+02:00 DEBUG 7544 --- [UserManagementAPI] [           main] org.hibernate.SQL                        : select u1_0.id,u1_0.email,u1_0.enabled,u1_0.full_name,u1_0.password,u1_0.username from users u1_0 where u1_0.username=?
Hibernate: select u1_0.id,u1_0.email,u1_0.enabled,u1_0.full_name,u1_0.password,u1_0.username from users u1_0 where u1_0.username=?
2025-09-19T20:44:08.214+02:00 DEBUG 7544 --- [UserManagementAPI] [           main] org.hibernate.orm.results                : Initializer list:
	  com.example.usermanagement.model.User(6).refreshTokens -> DelayedCollectionInitializer(com.example.usermanagement.model.User(6).refreshTokens)@97823056 (PluralAttribute(com.example.usermanagement.model.User.refreshTokens))
	  com.example.usermanagement.model.User(6) -> EntityJoinedFetchInitializer(com.example.usermanagement.model.User(6))@1623170603 (SingleTableEntityPersister(com.example.usermanagement.model.User))
	  com.example.usermanagement.model.User(6).roles -> SelectEagerCollectionInitializer(com.example.usermanagement.model.User(6).roles)@17669034 (PluralAttribute(com.example.usermanagement.model.User.roles))

2025-09-19T20:44:08.215+02:00 DEBUG 7544 --- [UserManagementAPI] [           main] org.hibernate.orm.sql.exec               : Skipping reading Query result cache data: cache-enabled = false, cache-mode = IGNORE
2025-09-19T20:44:08.215+02:00 DEBUG 7544 --- [UserManagementAPI] [           main] org.hibernate.SQL                        : select r1_0.user_id,r1_1.id,r1_1.name from user_roles r1_0 join roles r1_1 on r1_1.id=r1_0.role_id where r1_0.user_id=?
Hibernate: select r1_0.user_id,r1_1.id,r1_1.name from user_roles r1_0 join roles r1_1 on r1_1.id=r1_0.role_id where r1_0.user_id=?
2025-09-19T20:44:08.216+02:00 DEBUG 7544 --- [UserManagementAPI] [           main] org.hibernate.orm.results                : Initializer list:
	  com.example.usermanagement.model.User.roles -> SetInitializer(com.example.usermanagement.model.User.roles)@953120971 (PluralAttribute(com.example.usermanagement.model.User.roles))
	  com.example.usermanagement.model.User.roles.{element} -> EntityJoinedFetchInitializer(com.example.usermanagement.model.User.roles.{element})@1318748972 (EntityCollectionPart(com.example.usermanagement.model.User.roles#{element})@1026296824)

2025-09-19T20:44:08.216+02:00 DEBUG 7544 --- [UserManagementAPI] [           main] o.h.sql.results.internal.ResultsHelper   : Collection fully initialized: [com.example.usermanagement.model.User.roles#2]
2025-09-19T20:44:08.267+02:00 DEBUG 7544 --- [UserManagementAPI] [           main] o.s.s.a.dao.DaoAuthenticationProvider    : Authenticated user
2025-09-19T20:44:08.267+02:00 DEBUG 7544 --- [UserManagementAPI] [           main] org.hibernate.orm.sql.ast.create         : Created new SQL alias : u1_0
2025-09-19T20:44:08.268+02:00 DEBUG 7544 --- [UserManagementAPI] [           main] org.hibernate.orm.sql.ast.create         : Registration of TableGroup [StandardTableGroup(com.example.usermanagement.model.User(6))] with identifierForTableGroup [com.example.usermanagement.model.User] for NavigablePath [com.example.usermanagement.model.User] 
2025-09-19T20:44:08.268+02:00 DEBUG 7544 --- [UserManagementAPI] [           main] o.h.q.sqm.sql.BaseSqmToSqlAstConverter   : Determining mapping-model type for SqmParameter : org.hibernate.query.sqm.tree.expression.SqmJpaCriteriaParameterWrapper@6593a932
2025-09-19T20:44:08.268+02:00 DEBUG 7544 --- [UserManagementAPI] [           main] o.h.q.sqm.sql.BaseSqmToSqlAstConverter   : Determining mapping-model type for SqmPath : SqmBasicValuedSimplePath(com.example.usermanagement.model.User(6).username) 
2025-09-19T20:44:08.268+02:00 DEBUG 7544 --- [UserManagementAPI] [           main] org.hibernate.orm.results.graph.AST      : DomainResult Graph:
 \-EntityResultImpl [com.example.usermanagement.model.User(6)]
 |  +-BasicFetch [com.example.usermanagement.model.User(6).email]
 |  +-BasicFetch [com.example.usermanagement.model.User(6).enabled]
 |  +-BasicFetch [com.example.usermanagement.model.User(6).fullName]
 |  +-BasicFetch [com.example.usermanagement.model.User(6).password]
 |  +-DelayedCollectionFetch [com.example.usermanagement.model.User(6).refreshTokens]
 |  +-SelectEagerCollectionFetch [com.example.usermanagement.model.User(6).roles]
 |  \-BasicFetch [com.example.usermanagement.model.User(6).username]

2025-09-19T20:44:08.268+02:00 DEBUG 7544 --- [UserManagementAPI] [           main] org.hibernate.orm.sql.ast.tree           : SQL AST Tree:
    SelectStatement {
      FromClause {
        StandardTableGroup (u1 : com.example.usermanagement.model.User(6)) {
          primaryTableReference : users as u1_0
        }
      }
    }

2025-09-19T20:44:08.268+02:00 DEBUG 7544 --- [UserManagementAPI] [           main] org.hibernate.orm.sql.exec               : Skipping reading Query result cache data: cache-enabled = false, cache-mode = NORMAL
2025-09-19T20:44:08.268+02:00 DEBUG 7544 --- [UserManagementAPI] [           main] org.hibernate.SQL                        : select u1_0.id,u1_0.email,u1_0.enabled,u1_0.full_name,u1_0.password,u1_0.username from users u1_0 where u1_0.username=?
Hibernate: select u1_0.id,u1_0.email,u1_0.enabled,u1_0.full_name,u1_0.password,u1_0.username from users u1_0 where u1_0.username=?
2025-09-19T20:44:08.269+02:00 DEBUG 7544 --- [UserManagementAPI] [           main] org.hibernate.orm.results                : Initializer list:
	  com.example.usermanagement.model.User(6).refreshTokens -> DelayedCollectionInitializer(com.example.usermanagement.model.User(6).refreshTokens)@429685282 (PluralAttribute(com.example.usermanagement.model.User.refreshTokens))
	  com.example.usermanagement.model.User(6) -> EntityJoinedFetchInitializer(com.example.usermanagement.model.User(6))@414008214 (SingleTableEntityPersister(com.example.usermanagement.model.User))
	  com.example.usermanagement.model.User(6).roles -> SelectEagerCollectionInitializer(com.example.usermanagement.model.User(6).roles)@1815104063 (PluralAttribute(com.example.usermanagement.model.User.roles))

✅ [UserService] Authentifié id=2
>>> deleteByUserId=2
2025-09-19T20:44:08.271+02:00 DEBUG 7544 --- [UserManagementAPI] [           main] org.hibernate.orm.sql.ast.create         : Created new SQL alias : rt1_0
2025-09-19T20:44:08.271+02:00 DEBUG 7544 --- [UserManagementAPI] [           main] org.hibernate.orm.sql.ast.create         : Registration of TableGroup [StandardTableGroup(com.example.usermanagement.model.RefreshToken(17))] with identifierForTableGroup [com.example.usermanagement.model.RefreshToken] for NavigablePath [com.example.usermanagement.model.RefreshToken] 
2025-09-19T20:44:08.271+02:00 DEBUG 7544 --- [UserManagementAPI] [           main] org.hibernate.orm.sql.ast.create         : Registration of TableGroup [org.hibernate.sql.ast.tree.from.LazyTableGroup@428ea503] with identifierForTableGroup [com.example.usermanagement.model.RefreshToken(17).user] for NavigablePath [com.example.usermanagement.model.RefreshToken(17).user] 
2025-09-19T20:44:08.271+02:00 DEBUG 7544 --- [UserManagementAPI] [           main] org.hibernate.orm.sql.ast.create         : Created new SQL alias : u1_0
2025-09-19T20:44:08.271+02:00 DEBUG 7544 --- [UserManagementAPI] [           main] o.h.q.sqm.sql.BaseSqmToSqlAstConverter   : Determining mapping-model type for SqmParameter : org.hibernate.query.sqm.tree.expression.SqmJpaCriteriaParameterWrapper@5272b626
2025-09-19T20:44:08.271+02:00 DEBUG 7544 --- [UserManagementAPI] [           main] o.h.q.sqm.sql.BaseSqmToSqlAstConverter   : Determining mapping-model type for SqmPath : SqmBasicValuedSimplePath(com.example.usermanagement.model.RefreshToken(17).user(18).id) 
2025-09-19T20:44:08.271+02:00 DEBUG 7544 --- [UserManagementAPI] [           main] org.hibernate.orm.results.graph.AST      : DomainResult Graph:
 \-EntityResultImpl [com.example.usermanagement.model.RefreshToken(17)]
 |  +-BasicFetch [com.example.usermanagement.model.RefreshToken(17).expiryDate]
 |  +-BasicFetch [com.example.usermanagement.model.RefreshToken(17).token]
 |  \-CircularFetchImpl [com.example.usermanagement.model.RefreshToken(17).user]

2025-09-19T20:44:08.271+02:00 DEBUG 7544 --- [UserManagementAPI] [           main] org.hibernate.orm.sql.ast.tree           : SQL AST Tree:
    SelectStatement {
      FromClause {
        StandardTableGroup (rt1 : com.example.usermanagement.model.RefreshToken(17)) {
          primaryTableReference : refresh_tokens as rt1_0
          TableGroupJoins {
            left  join LazyTableGroup (u1 : com.example.usermanagement.model.RefreshToken(17).user(18)) {
              primaryTableReference : users as u1_0
            }
          }
        }
      }
    }

2025-09-19T20:44:08.271+02:00 DEBUG 7544 --- [UserManagementAPI] [           main] org.hibernate.orm.sql.exec               : Skipping reading Query result cache data: cache-enabled = false, cache-mode = NORMAL
2025-09-19T20:44:08.271+02:00 DEBUG 7544 --- [UserManagementAPI] [           main] org.hibernate.SQL                        : select rt1_0.id,rt1_0.expiry_date,rt1_0.token,rt1_0.user_id from refresh_tokens rt1_0 left join users u1_0 on u1_0.id=rt1_0.user_id where u1_0.id=?
Hibernate: select rt1_0.id,rt1_0.expiry_date,rt1_0.token,rt1_0.user_id from refresh_tokens rt1_0 left join users u1_0 on u1_0.id=rt1_0.user_id where u1_0.id=?
2025-09-19T20:44:08.272+02:00 DEBUG 7544 --- [UserManagementAPI] [           main] org.hibernate.orm.results                : Initializer list:
	  com.example.usermanagement.model.RefreshToken(17).user -> EntityDelayedFetchInitializer(com.example.usermanagement.model.RefreshToken(17).user)@1944781423 (ToOneAttributeMapping(NavigableRole[com.example.usermanagement.model.RefreshToken.user])@1417082490)
	  com.example.usermanagement.model.RefreshToken(17) -> EntityJoinedFetchInitializer(com.example.usermanagement.model.RefreshToken(17))@1638771204 (SingleTableEntityPersister(com.example.usermanagement.model.RefreshToken))

2025-09-19T20:44:08.273+02:00 DEBUG 7544 --- [UserManagementAPI] [           main] o.h.e.t.internal.TransactionImpl         : On TransactionImpl creation, JpaCompliance#isJpaTransactionComplianceEnabled == false
2025-09-19T20:44:08.273+02:00 DEBUG 7544 --- [UserManagementAPI] [           main] .m.m.a.ExceptionHandlerExceptionResolver : Using @ExceptionHandler com.example.usermanagement.exceptions.GlobalExceptionHandler#handleGenericException(Exception, HttpServletRequest)
2025-09-19T20:44:08.274+02:00 DEBUG 7544 --- [UserManagementAPI] [           main] o.s.w.s.m.m.a.HttpEntityMethodProcessor  : Using 'application/json', given [*/*] and supported [application/json, application/*+json]
2025-09-19T20:44:08.274+02:00 DEBUG 7544 --- [UserManagementAPI] [           main] o.s.w.s.m.m.a.HttpEntityMethodProcessor  : Writing [com.example.usermanagement.dto.ErrorResponse@24fa2e1]
2025-09-19T20:44:08.274+02:00 DEBUG 7544 --- [UserManagementAPI] [           main] .m.m.a.ExceptionHandlerExceptionResolver : Resolved [org.springframework.dao.InvalidDataAccessApiUsageException: No EntityManager with actual transaction available for current thread - cannot reliably process 'remove' call]
2025-09-19T20:44:08.274+02:00 DEBUG 7544 --- [UserManagementAPI] [           main] o.j.s.OpenEntityManagerInViewInterceptor : Closing JPA EntityManager in OpenEntityManagerInViewInterceptor
2025-09-19T20:44:08.274+02:00 DEBUG 7544 --- [UserManagementAPI] [           main] o.s.t.web.servlet.TestDispatcherServlet  : Completed 500 INTERNAL_SERVER_ERROR
2025-09-19T20:44:08.274+02:00 DEBUG 7544 --- [UserManagementAPI] [           main] o.s.s.w.a.AnonymousAuthenticationFilter  : Set SecurityContextHolder to anonymous SecurityContext
2025-09-19T20:44:08.275+02:00 DEBUG 7544 --- [UserManagementAPI] [           main] org.springframework.test.context.cache   : Spring test ApplicationContext cache statistics: [DefaultContextCache@22b9ac0f size = 3, maxSize = 32, parentContextCount = 0, hitCount = 169, missCount = 5, failureCount = 1]
2025-09-19T20:44:08.275+02:00 DEBUG 7544 --- [UserManagementAPI] [           main] org.springframework.test.context.cache   : Spring test ApplicationContext cache statistics: [DefaultContextCache@22b9ac0f size = 3, maxSize = 32, parentContextCount = 0, hitCount = 170, missCount = 5, failureCount = 1]
2025-09-19T20:44:08.276+02:00 DEBUG 7544 --- [UserManagementAPI] [           main] org.springframework.test.context.cache   : Spring test ApplicationContext cache statistics: [DefaultContextCache@22b9ac0f size = 3, maxSize = 32, parentContextCount = 0, hitCount = 171, missCount = 5, failureCount = 1]
2025-09-19T20:44:08.276+02:00 DEBUG 7544 --- [UserManagementAPI] [           main] org.springframework.test.context.cache   : Spring test ApplicationContext cache statistics: [DefaultContextCache@22b9ac0f size = 3, maxSize = 32, parentContextCount = 0, hitCount = 172, missCount = 5, failureCount = 1]

MockHttpServletRequest:
      HTTP Method = POST
      Request URI = /users/register
       Parameters = {}
          Headers = [Content-Type:"application/json;charset=UTF-8", Content-Length:"142"]
             Body = {
  "fullName": "Bob Marley",
  "username": "bob_250a4b",
  "password": "password123",
  "email": "bob_250a4b@example.com",
  "roles": null
}

    Session Attrs = {}

Handler:
             Type = com.example.usermanagement.controller.UserController
           Method = com.example.usermanagement.controller.UserController#register(RegisterRequest)

Async:
    Async started = false
     Async result = null

Resolved Exception:
             Type = null

ModelAndView:
        View name = null
             View = null
            Model = null

FlashMap:
       Attributes = null

MockHttpServletResponse:
           Status = 201
    Error message = null
          Headers = [Vary:"Origin", "Access-Control-Request-Method", "Access-Control-Request-Headers", Content-Type:"application/json", X-Content-Type-Options:"nosniff", X-XSS-Protection:"0", Cache-Control:"no-cache, no-store, max-age=0, must-revalidate", Pragma:"no-cache", Expires:"0", X-Frame-Options:"DENY"]
     Content type = application/json
             Body = {"accessToken":"eyJhbGciOiJIUzUxMiJ9.eyJzdWIiOiJib2JfMjUwYTRiIiwiaWF0IjoxNzU4MzA3NDQ4LCJleHAiOjE3NTgzMTEwNDh9.VnIUVl3GdZMp8t9_dYn6QWYHQ5QC26DI8K5kb0Un9YFGR6Gk-lvhPbo7y4xk1oJ4eotwEoPVcVDOHrl9SDfpyg","refreshToken":"20664a19-11a8-4d2b-91e9-d0b3771ac4c0"}
    Forwarded URL = null
   Redirected URL = null
          Cookies = []

MockHttpServletRequest:
      HTTP Method = POST
      Request URI = /users/login
       Parameters = {}
          Headers = [Content-Type:"application/json;charset=UTF-8", Content-Length:"60"]
             Body = {
  "username": "bob_250a4b",
  "password": "password123"
}

    Session Attrs = {}

Handler:
             Type = com.example.usermanagement.controller.UserController
           Method = com.example.usermanagement.controller.UserController#login(LoginRequest)

Async:
    Async started = false
     Async result = null

Resolved Exception:
             Type = org.springframework.dao.InvalidDataAccessApiUsageException

ModelAndView:
        View name = null
             View = null
            Model = null

FlashMap:
       Attributes = null

MockHttpServletResponse:
           Status = 500
    Error message = null
          Headers = [Vary:"Origin", "Access-Control-Request-Method", "Access-Control-Request-Headers", Content-Type:"application/json", X-Content-Type-Options:"nosniff", X-XSS-Protection:"0", Cache-Control:"no-cache, no-store, max-age=0, must-revalidate", Pragma:"no-cache", Expires:"0", X-Frame-Options:"DENY"]
     Content type = application/json
             Body = {"timestamp":"2025-09-19T20:44:08.273927","status":500,"error":"Internal Server Error","message":"An unexpected error occurred","path":"/users/login"}
    Forwarded URL = null
   Redirected URL = null
          Cookies = []
2025-09-19T20:44:08.276+02:00 DEBUG 7544 --- [UserManagementAPI] [           main] org.springframework.test.context.cache   : Spring test ApplicationContext cache statistics: [DefaultContextCache@22b9ac0f size = 3, maxSize = 32, parentContextCount = 0, hitCount = 173, missCount = 5, failureCount = 1]
2025-09-19T20:44:08.276+02:00 DEBUG 7544 --- [UserManagementAPI] [           main] org.springframework.test.context.cache   : Spring test ApplicationContext cache statistics: [DefaultContextCache@22b9ac0f size = 3, maxSize = 32, parentContextCount = 0, hitCount = 174, missCount = 5, failureCount = 1]
2025-09-19T20:44:08.276+02:00 DEBUG 7544 --- [UserManagementAPI] [           main] org.springframework.test.context.cache   : Spring test ApplicationContext cache statistics: [DefaultContextCache@22b9ac0f size = 3, maxSize = 32, parentContextCount = 0, hitCount = 175, missCount = 5, failureCount = 1]
2025-09-19T20:44:08.276+02:00 DEBUG 7544 --- [UserManagementAPI] [           main] org.springframework.test.context.cache   : Spring test ApplicationContext cache statistics: [DefaultContextCache@22b9ac0f size = 3, maxSize = 32, parentContextCount = 0, hitCount = 176, missCount = 5, failureCount = 1]
2025-09-19T20:44:08.276+02:00 DEBUG 7544 --- [UserManagementAPI] [           main] .c.s.DirtiesContextTestExecutionListener : After test method: class [LoginIntegrationTest], method [testRegisterAndLoginSeparateTransactions], class annotated with @DirtiesContext [false] with mode [null], method annotated with @DirtiesContext [false] with mode [null]
2025-09-19T20:44:08.276+02:00 DEBUG 7544 --- [UserManagementAPI] [           main] o.s.t.c.w.ServletTestExecutionListener   : Resetting RequestContextHolder for test class com.example.usermanagement.security.LoginIntegrationTest
]]></system-out>
  </testcase>
</testsuite>