<?xml version="1.0" encoding="UTF-8"?>
<testsuite xmlns:xsi="http://www.w3.org/2001/XMLSchema-instance" xsi:noNamespaceSchemaLocation="https://maven.apache.org/surefire/maven-surefire-plugin/xsd/surefire-test-report-3.0.xsd" version="3.0" name="com.dmcdoc.usermanagement.security.ActuatorTest" time="3.865" tests="3" errors="0" skipped="0" failures="2">
  <properties>
[...]
</properties>
  <testcase name="health_isUp" classname="com.dmcdoc.usermanagement.security.ActuatorTest" time="0.143">
    <failure message="&#10;expected: 200 OK&#10; but was: 401 UNAUTHORIZED" type="org.opentest4j.AssertionFailedError"><![CDATA[org.opentest4j.AssertionFailedError: 

expected: 200 OK
 but was: 401 UNAUTHORIZED
	at com.dmcdoc.usermanagement.security.ActuatorTest.health_isUp(ActuatorTest.java:22)
	at java.base/java.lang.reflect.Method.invoke(Method.java:580)
	at java.base/java.util.ArrayList.forEach(ArrayList.java:1596)
	at java.base/java.util.ArrayList.forEach(ArrayList.java:1596)
]]></failure>
    <system-out><![CDATA[2025-12-10T22:09:46.596+01:00  INFO 18148 --- [UserManagementAPI] [           main] t.c.s.AnnotationConfigContextLoaderUtils : Could not detect default configuration classes for test class [com.dmcdoc.usermanagement.security.ActuatorTest]: ActuatorTest does not declare any static, non-private, non-final, nested classes annotated with @Configuration.
2025-12-10T22:09:46.604+01:00  INFO 18148 --- [UserManagementAPI] [           main] .b.t.c.SpringBootTestContextBootstrapper : Found @SpringBootConfiguration com.dmcdoc.usermanagement.UserManagementApplication for test class com.dmcdoc.usermanagement.security.ActuatorTest

  .   ____          _            __ _ _
 /\\ / ___'_ __ _ _(_)_ __  __ _ \ \ \ \
( ( )\___ | '_ | '_| | '_ \/ _` | \ \ \ \
 \\/  ___)| |_)| | | | | || (_| |  ) ) ) )
  '  |____| .__|_| |_|_| |_\__, | / / / /
 =========|_|==============|___/=/_/_/_/

 :: Spring Boot ::                (v3.5.4)

2025-12-10T22:09:46.669+01:00  INFO 18148 --- [UserManagementAPI] [           main] c.d.u.security.ActuatorTest              : Starting ActuatorTest using Java 21.0.9 with PID 18148 (started by DMCDoc in E:\Documents\modele\user-management-api-cloud\backend)
2025-12-10T22:09:46.670+01:00  INFO 18148 --- [UserManagementAPI] [           main] c.d.u.security.ActuatorTest              : The following 1 profile is active: "test"
2025-12-10T22:09:46.901+01:00  INFO 18148 --- [UserManagementAPI] [           main] .s.d.r.c.RepositoryConfigurationDelegate : Multiple Spring Data modules found, entering strict repository configuration mode
2025-12-10T22:09:46.902+01:00  INFO 18148 --- [UserManagementAPI] [           main] .s.d.r.c.RepositoryConfigurationDelegate : Bootstrapping Spring Data Elasticsearch repositories in DEFAULT mode.
2025-12-10T22:09:46.908+01:00  INFO 18148 --- [UserManagementAPI] [           main] .RepositoryConfigurationExtensionSupport : Spring Data Elasticsearch - Could not safely identify store assignment for repository candidate interface com.dmcdoc.usermanagement.core.repository.AdminLogRepository; If you want this repository to be a Elasticsearch repository, consider annotating your entities with one of these annotations: org.springframework.data.elasticsearch.annotations.Document (preferred), or consider extending one of the following types with your repository: org.springframework.data.elasticsearch.repository.ElasticsearchRepository
2025-12-10T22:09:46.908+01:00  INFO 18148 --- [UserManagementAPI] [           main] .RepositoryConfigurationExtensionSupport : Spring Data Elasticsearch - Could not safely identify store assignment for repository candidate interface com.dmcdoc.usermanagement.core.repository.MagicLinkTokenRepository; If you want this repository to be a Elasticsearch repository, consider annotating your entities with one of these annotations: org.springframework.data.elasticsearch.annotations.Document (preferred), or consider extending one of the following types with your repository: org.springframework.data.elasticsearch.repository.ElasticsearchRepository
2025-12-10T22:09:46.908+01:00  INFO 18148 --- [UserManagementAPI] [           main] .RepositoryConfigurationExtensionSupport : Spring Data Elasticsearch - Could not safely identify store assignment for repository candidate interface com.dmcdoc.usermanagement.core.repository.PasswordResetTokenRepository; If you want this repository to be a Elasticsearch repository, consider annotating your entities with one of these annotations: org.springframework.data.elasticsearch.annotations.Document (preferred), or consider extending one of the following types with your repository: org.springframework.data.elasticsearch.repository.ElasticsearchRepository
2025-12-10T22:09:46.909+01:00  INFO 18148 --- [UserManagementAPI] [           main] .RepositoryConfigurationExtensionSupport : Spring Data Elasticsearch - Could not safely identify store assignment for repository candidate interface com.dmcdoc.usermanagement.core.repository.RefreshTokenRepository; If you want this repository to be a Elasticsearch repository, consider annotating your entities with one of these annotations: org.springframework.data.elasticsearch.annotations.Document (preferred), or consider extending one of the following types with your repository: org.springframework.data.elasticsearch.repository.ElasticsearchRepository
2025-12-10T22:09:46.909+01:00  INFO 18148 --- [UserManagementAPI] [           main] .RepositoryConfigurationExtensionSupport : Spring Data Elasticsearch - Could not safely identify store assignment for repository candidate interface com.dmcdoc.usermanagement.core.repository.RestaurantRepository; If you want this repository to be a Elasticsearch repository, consider annotating your entities with one of these annotations: org.springframework.data.elasticsearch.annotations.Document (preferred), or consider extending one of the following types with your repository: org.springframework.data.elasticsearch.repository.ElasticsearchRepository
2025-12-10T22:09:46.909+01:00  INFO 18148 --- [UserManagementAPI] [           main] .RepositoryConfigurationExtensionSupport : Spring Data Elasticsearch - Could not safely identify store assignment for repository candidate interface com.dmcdoc.usermanagement.core.repository.RoleRepository; If you want this repository to be a Elasticsearch repository, consider annotating your entities with one of these annotations: org.springframework.data.elasticsearch.annotations.Document (preferred), or consider extending one of the following types with your repository: org.springframework.data.elasticsearch.repository.ElasticsearchRepository
2025-12-10T22:09:46.909+01:00  INFO 18148 --- [UserManagementAPI] [           main] .RepositoryConfigurationExtensionSupport : Spring Data Elasticsearch - Could not safely identify store assignment for repository candidate interface com.dmcdoc.usermanagement.core.repository.TenantRepository; If you want this repository to be a Elasticsearch repository, consider annotating your entities with one of these annotations: org.springframework.data.elasticsearch.annotations.Document (preferred), or consider extending one of the following types with your repository: org.springframework.data.elasticsearch.repository.ElasticsearchRepository
2025-12-10T22:09:46.909+01:00  INFO 18148 --- [UserManagementAPI] [           main] .RepositoryConfigurationExtensionSupport : Spring Data Elasticsearch - Could not safely identify store assignment for repository candidate interface com.dmcdoc.usermanagement.core.repository.UserRepository; If you want this repository to be a Elasticsearch repository, consider annotating your entities with one of these annotations: org.springframework.data.elasticsearch.annotations.Document (preferred), or consider extending one of the following types with your repository: org.springframework.data.elasticsearch.repository.ElasticsearchRepository
2025-12-10T22:09:46.909+01:00  INFO 18148 --- [UserManagementAPI] [           main] .s.d.r.c.RepositoryConfigurationDelegate : Finished Spring Data repository scanning in 6 ms. Found 0 Elasticsearch repository interfaces.
2025-12-10T22:09:46.911+01:00  INFO 18148 --- [UserManagementAPI] [           main] .s.d.r.c.RepositoryConfigurationDelegate : Multiple Spring Data modules found, entering strict repository configuration mode
2025-12-10T22:09:46.911+01:00  INFO 18148 --- [UserManagementAPI] [           main] .s.d.r.c.RepositoryConfigurationDelegate : Bootstrapping Spring Data JPA repositories in DEFAULT mode.
2025-12-10T22:09:46.922+01:00  INFO 18148 --- [UserManagementAPI] [           main] .s.d.r.c.RepositoryConfigurationDelegate : Finished Spring Data repository scanning in 10 ms. Found 8 JPA repository interfaces.
2025-12-10T22:09:47.396+01:00  INFO 18148 --- [UserManagementAPI] [           main] o.s.b.w.embedded.tomcat.TomcatWebServer  : Tomcat initialized with port 0 (http)
2025-12-10T22:09:47.409+01:00  INFO 18148 --- [UserManagementAPI] [           main] o.apache.catalina.core.StandardService   : Starting service [Tomcat]
2025-12-10T22:09:47.409+01:00  INFO 18148 --- [UserManagementAPI] [           main] o.apache.catalina.core.StandardEngine    : Starting Servlet engine: [Apache Tomcat/10.1.43]
2025-12-10T22:09:47.475+01:00  INFO 18148 --- [UserManagementAPI] [           main] o.a.c.c.C.[Tomcat].[localhost].[/]       : Initializing Spring embedded WebApplicationContext
2025-12-10T22:09:47.475+01:00  INFO 18148 --- [UserManagementAPI] [           main] w.s.c.ServletWebServerApplicationContext : Root WebApplicationContext: initialization completed in 802 ms
2025-12-10T22:09:47.688+01:00  INFO 18148 --- [UserManagementAPI] [           main] o.hibernate.jpa.internal.util.LogHelper  : HHH000204: Processing PersistenceUnitInfo [name: default]
2025-12-10T22:09:47.692+01:00  INFO 18148 --- [UserManagementAPI] [           main] o.h.c.internal.RegionFactoryInitiator    : HHH000026: Second-level cache disabled
2025-12-10T22:09:47.700+01:00  INFO 18148 --- [UserManagementAPI] [           main] o.s.o.j.p.SpringPersistenceUnitInfo      : No LoadTimeWeaver setup: ignoring JPA class transformer
2025-12-10T22:09:47.701+01:00  INFO 18148 --- [UserManagementAPI] [           main] com.zaxxer.hikari.HikariDataSource       : HikariPool-3 - Starting...
2025-12-10T22:09:47.923+01:00  INFO 18148 --- [UserManagementAPI] [           main] com.zaxxer.hikari.pool.HikariPool        : HikariPool-3 - Added connection conn0: url=jdbc:h2:mem:testdb user=SA
2025-12-10T22:09:47.926+01:00  INFO 18148 --- [UserManagementAPI] [           main] com.zaxxer.hikari.HikariDataSource       : HikariPool-3 - Start completed.
2025-12-10T22:09:47.948+01:00  WARN 18148 --- [UserManagementAPI] [           main] org.hibernate.orm.deprecation            : HHH90000025: H2Dialect does not need to be specified explicitly using 'hibernate.dialect' (remove the property setting and it will be selected by default)
2025-12-10T22:09:47.966+01:00  INFO 18148 --- [UserManagementAPI] [           main] org.hibernate.orm.connections.pooling    : HHH10001005: Database info:
	Database JDBC URL [Connecting through datasource 'HikariDataSource (HikariPool-3)']
	Database driver: undefined/unknown
	Database version: 2.3.232
	Autocommit mode: undefined/unknown
	Isolation level: undefined/unknown
	Minimum pool size: undefined/unknown
	Maximum pool size: undefined/unknown
2025-12-10T22:09:48.127+01:00  INFO 18148 --- [UserManagementAPI] [           main] o.h.e.t.j.p.i.JtaPlatformInitiator       : HHH000489: No JTA platform available (set 'hibernate.transaction.jta.platform' to enable JTA platform integration)
2025-12-10T22:09:48.233+01:00  INFO 18148 --- [UserManagementAPI] [           main] j.LocalContainerEntityManagerFactoryBean : Initialized JPA EntityManagerFactory for persistence unit 'default'
2025-12-10T22:09:48.621+01:00  INFO 18148 --- [UserManagementAPI] [           main] r$InitializeUserDetailsManagerConfigurer : Global AuthenticationManager configured with UserDetailsService bean with name userDetailsService
>>> Initialisation des rôles en DB
>>> Initialisation des rôles en DB
2025-12-10T22:09:49.233+01:00  WARN 18148 --- [UserManagementAPI] [           main] JpaBaseConfiguration$JpaWebConfiguration : spring.jpa.open-in-view is enabled by default. Therefore, database queries may be performed during view rendering. Explicitly configure spring.jpa.open-in-view to disable this warning
2025-12-10T22:09:49.681+01:00  INFO 18148 --- [UserManagementAPI] [           main] o.s.b.a.e.web.EndpointLinksResolver      : Exposing 4 endpoints beneath base path '/actuator'
2025-12-10T22:09:50.208+01:00  INFO 18148 --- [UserManagementAPI] [           main] o.s.b.w.embedded.tomcat.TomcatWebServer  : Tomcat started on port 61650 (http) with context path '/'
2025-12-10T22:09:50.218+01:00  INFO 18148 --- [UserManagementAPI] [           main] c.d.u.security.ActuatorTest              : Started ActuatorTest in 3.607 seconds (process running for 10.82)
=== DB META ===
Product: H2 2.3.232 (2024-08-11)
Driver: H2 JDBC Driver 2.3.232 (2024-08-11)
JDBC: 4.3
AutoCommit: true
Isolation: 2
2025-12-10T22:09:50.383+01:00  INFO 18148 --- [UserManagementAPI] [0-auto-1-exec-1] o.a.c.c.C.[Tomcat].[localhost].[/]       : Initializing Spring DispatcherServlet 'dispatcherServlet'
2025-12-10T22:09:50.383+01:00  INFO 18148 --- [UserManagementAPI] [0-auto-1-exec-1] o.s.web.servlet.DispatcherServlet        : Initializing Servlet 'dispatcherServlet'
2025-12-10T22:09:50.384+01:00  INFO 18148 --- [UserManagementAPI] [0-auto-1-exec-1] o.s.web.servlet.DispatcherServlet        : Completed initialization in 1 ms
]]></system-out>
  </testcase>
  <testcase name="protectedEndpoint_withoutToken_returns401" classname="com.dmcdoc.usermanagement.security.ActuatorTest" time="0.016"/>
  <testcase name="info_isAccessible" classname="com.dmcdoc.usermanagement.security.ActuatorTest" time="0.011">
    <failure message="&#10;expected: 200 OK&#10; but was: 401 UNAUTHORIZED" type="org.opentest4j.AssertionFailedError"><![CDATA[org.opentest4j.AssertionFailedError: 

expected: 200 OK
 but was: 401 UNAUTHORIZED
	at com.dmcdoc.usermanagement.security.ActuatorTest.info_isAccessible(ActuatorTest.java:28)
	at java.base/java.lang.reflect.Method.invoke(Method.java:580)
	at java.base/java.util.ArrayList.forEach(ArrayList.java:1596)
	at java.base/java.util.ArrayList.forEach(ArrayList.java:1596)
]]></failure>
  </testcase>
</testsuite>