<?xml version="1.0" encoding="UTF-8"?>
<testsuite xmlns:xsi="http://www.w3.org/2001/XMLSchema-instance" xsi:noNamespaceSchemaLocation="https://maven.apache.org/surefire/maven-surefire-plugin/xsd/surefire-test-report-3.0.xsd" version="3.0" name="com.example.usermanagement.security.JwtAuthenticationFilterTest" time="0.683" tests="3" errors="0" skipped="0" failures="2">
  <properties>
[...]
</properties>
  <testcase name="actuatorInfo_ShouldBeAccessibleWithoutAuth_WhenExcluded" classname="com.example.usermanagement.security.JwtAuthenticationFilterTest" time="0.011">
    <failure message="Status expected:&lt;200&gt; but was:&lt;500&gt;" type="java.lang.AssertionError"><![CDATA[java.lang.AssertionError: Status expected:<200> but was:<500>
	at org.springframework.test.util.AssertionErrors.fail(AssertionErrors.java:61)
	at org.springframework.test.util.AssertionErrors.assertEquals(AssertionErrors.java:128)
	at org.springframework.test.web.servlet.result.StatusResultMatchers.lambda$matcher$9(StatusResultMatchers.java:640)
	at org.springframework.test.web.servlet.MockMvc$1.andExpect(MockMvc.java:214)
	at com.example.usermanagement.security.JwtAuthenticationFilterTest.actuatorInfo_ShouldBeAccessibleWithoutAuth_WhenExcluded(JwtAuthenticationFilterTest.java:43)
	at java.base/java.lang.reflect.Method.invoke(Method.java:580)
	at java.base/java.util.ArrayList.forEach(ArrayList.java:1596)
	at java.base/java.util.ArrayList.forEach(ArrayList.java:1596)
]]></failure>
    <system-out><![CDATA[2025-09-28T22:40:19.684+02:00  INFO 10688 --- [UserManagementAPI] [           main] t.c.s.AnnotationConfigContextLoaderUtils : Could not detect default configuration classes for test class [com.example.usermanagement.security.JwtAuthenticationFilterTest]: JwtAuthenticationFilterTest does not declare any static, non-private, non-final, nested classes annotated with @Configuration.
2025-09-28T22:40:19.686+02:00  INFO 10688 --- [UserManagementAPI] [           main] .b.t.c.SpringBootTestContextBootstrapper : Found @SpringBootConfiguration com.example.usermanagement.UserManagementApplication for test class com.example.usermanagement.security.JwtAuthenticationFilterTest

  .   ____          _            __ _ _
 /\\ / ___'_ __ _ _(_)_ __  __ _ \ \ \ \
( ( )\___ | '_ | '_| | '_ \/ _` | \ \ \ \
 \\/  ___)| |_)| | | | | || (_| |  ) ) ) )
  '  |____| .__|_| |_|_| |_\__, | / / / /
 =========|_|==============|___/=/_/_/_/

 :: Spring Boot ::                (v3.5.4)

2025-09-28T22:40:19.700+02:00  INFO 10688 --- [UserManagementAPI] [           main] c.e.u.s.JwtAuthenticationFilterTest      : Starting JwtAuthenticationFilterTest using Java 21.0.8 with PID 10688 (started by DMCDoc in G:\modele\user-management-api-cloud\backend)
2025-09-28T22:40:19.700+02:00 DEBUG 10688 --- [UserManagementAPI] [           main] c.e.u.s.JwtAuthenticationFilterTest      : Running with Spring Boot v3.5.4, Spring v6.2.9
2025-09-28T22:40:19.700+02:00  INFO 10688 --- [UserManagementAPI] [           main] c.e.u.s.JwtAuthenticationFilterTest      : The following 1 profile is active: "test"
2025-09-28T22:40:19.807+02:00  INFO 10688 --- [UserManagementAPI] [           main] .s.d.r.c.RepositoryConfigurationDelegate : Bootstrapping Spring Data JPA repositories in DEFAULT mode.
2025-09-28T22:40:19.817+02:00  INFO 10688 --- [UserManagementAPI] [           main] .s.d.r.c.RepositoryConfigurationDelegate : Finished Spring Data repository scanning in 9 ms. Found 3 JPA repository interfaces.
2025-09-28T22:40:19.864+02:00  INFO 10688 --- [UserManagementAPI] [           main] com.zaxxer.hikari.HikariDataSource       : HikariPool-4 - Starting...
2025-09-28T22:40:19.878+02:00  INFO 10688 --- [UserManagementAPI] [           main] com.zaxxer.hikari.pool.HikariPool        : HikariPool-4 - Added connection org.postgresql.jdbc.PgConnection@20ba3c52
2025-09-28T22:40:19.879+02:00  INFO 10688 --- [UserManagementAPI] [           main] com.zaxxer.hikari.HikariDataSource       : HikariPool-4 - Start completed.
2025-09-28T22:40:19.887+02:00  INFO 10688 --- [UserManagementAPI] [           main] o.hibernate.jpa.internal.util.LogHelper  : HHH000204: Processing PersistenceUnitInfo [name: default]
2025-09-28T22:40:19.889+02:00  INFO 10688 --- [UserManagementAPI] [           main] o.h.c.internal.RegionFactoryInitiator    : HHH000026: Second-level cache disabled
2025-09-28T22:40:19.894+02:00  INFO 10688 --- [UserManagementAPI] [           main] o.s.o.j.p.SpringPersistenceUnitInfo      : No LoadTimeWeaver setup: ignoring JPA class transformer
2025-09-28T22:40:19.901+02:00  WARN 10688 --- [UserManagementAPI] [           main] org.hibernate.orm.deprecation            : HHH90000025: PostgreSQLDialect does not need to be specified explicitly using 'hibernate.dialect' (remove the property setting and it will be selected by default)
2025-09-28T22:40:19.904+02:00  INFO 10688 --- [UserManagementAPI] [           main] org.hibernate.orm.connections.pooling    : HHH10001005: Database info:
	Database JDBC URL [Connecting through datasource 'HikariDataSource (HikariPool-4)']
	Database driver: undefined/unknown
	Database version: 13.20
	Autocommit mode: undefined/unknown
	Isolation level: undefined/unknown
	Minimum pool size: undefined/unknown
	Maximum pool size: undefined/unknown
2025-09-28T22:40:19.943+02:00  INFO 10688 --- [UserManagementAPI] [           main] o.h.e.t.j.p.i.JtaPlatformInitiator       : HHH000489: No JTA platform available (set 'hibernate.transaction.jta.platform' to enable JTA platform integration)
2025-09-28T22:40:20.237+02:00  INFO 10688 --- [UserManagementAPI] [           main] j.LocalContainerEntityManagerFactoryBean : Initialized JPA EntityManagerFactory for persistence unit 'default'
2025-09-28T22:40:20.264+02:00  INFO 10688 --- [UserManagementAPI] [           main] eAuthenticationProviderManagerConfigurer : Global AuthenticationManager configured with AuthenticationProvider bean with name authenticationProvider
2025-09-28T22:40:20.265+02:00  WARN 10688 --- [UserManagementAPI] [           main] r$InitializeUserDetailsManagerConfigurer : Global AuthenticationManager configured with an AuthenticationProvider bean. UserDetailsService beans will not be used by Spring Security for automatically configuring username/password login. Consider removing the AuthenticationProvider bean. Alternatively, consider using the UserDetailsService in a manually instantiated DaoAuthenticationProvider. If the current configuration is intentional, to turn off this warning, increase the logging level of 'org.springframework.security.config.annotation.authentication.configuration.InitializeUserDetailsBeanManagerConfigurer' to ERROR
2025-09-28T22:40:20.269+02:00  INFO 10688 --- [UserManagementAPI] [           main] c.e.u.config.security.JwtUtils           : JWTUtils initialisé avec:
2025-09-28T22:40:20.269+02:00  INFO 10688 --- [UserManagementAPI] [           main] c.e.u.config.security.JwtUtils           :    • Clé = générée aléatoirement
2025-09-28T22:40:20.269+02:00  INFO 10688 --- [UserManagementAPI] [           main] c.e.u.config.security.JwtUtils           :    • Expiration = 3600000 ms
Hibernate: select r1_0.id,r1_0.name from roles r1_0 where r1_0.name=?
Hibernate: select r1_0.id,r1_0.name from roles r1_0 where r1_0.name=?
2025-09-28T22:40:20.281+02:00  WARN 10688 --- [UserManagementAPI] [           main] JpaBaseConfiguration$JpaWebConfiguration : spring.jpa.open-in-view is enabled by default. Therefore, database queries may be performed during view rendering. Explicitly configure spring.jpa.open-in-view to disable this warning
2025-09-28T22:40:20.324+02:00 DEBUG 10688 --- [UserManagementAPI] [           main] c.e.u.c.s.JwtAuthenticationFilter        : Filter 'jwtAuthenticationFilter' configured for use
2025-09-28T22:40:20.325+02:00  INFO 10688 --- [UserManagementAPI] [           main] o.s.b.t.m.w.SpringBootMockServletContext : Initializing Spring TestDispatcherServlet ''
2025-09-28T22:40:20.325+02:00  INFO 10688 --- [UserManagementAPI] [           main] o.s.t.web.servlet.TestDispatcherServlet  : Initializing Servlet ''
2025-09-28T22:40:20.325+02:00  INFO 10688 --- [UserManagementAPI] [           main] o.s.t.web.servlet.TestDispatcherServlet  : Completed initialization in 0 ms
2025-09-28T22:40:20.331+02:00  INFO 10688 --- [UserManagementAPI] [           main] c.e.u.s.JwtAuthenticationFilterTest      : Started JwtAuthenticationFilterTest in 0.642 seconds (process running for 8.126)
=== DB META ===
Product: PostgreSQL 13.20
Driver: PostgreSQL JDBC Driver 42.7.7
JDBC: 4.2
AutoCommit: true
Isolation: 2

MockHttpServletRequest:
      HTTP Method = GET
      Request URI = /actuator/info
       Parameters = {}
          Headers = []
             Body = null
    Session Attrs = {}

Handler:
             Type = org.springframework.web.servlet.resource.ResourceHttpRequestHandler

Async:
    Async started = false
     Async result = null

Resolved Exception:
             Type = org.springframework.web.servlet.resource.NoResourceFoundException

ModelAndView:
        View name = null
             View = null
            Model = null

FlashMap:
       Attributes = null

MockHttpServletResponse:
           Status = 500
    Error message = null
          Headers = [Vary:"Origin", "Access-Control-Request-Method", "Access-Control-Request-Headers", Content-Type:"application/json", X-Content-Type-Options:"nosniff", X-XSS-Protection:"0", Cache-Control:"no-cache, no-store, max-age=0, must-revalidate", Pragma:"no-cache", Expires:"0", X-Frame-Options:"DENY"]
     Content type = application/json
             Body = {"timestamp":"2025-09-28T22:40:20.341255","status":500,"error":"Internal Server Error","message":"An unexpected error occurred","path":"/actuator/info"}
    Forwarded URL = null
   Redirected URL = null
          Cookies = []
]]></system-out>
  </testcase>
  <testcase name="actuatorHealth_ShouldBeAccessibleWithoutAuth" classname="com.example.usermanagement.security.JwtAuthenticationFilterTest" time="0.009">
    <failure message="Status expected:&lt;200&gt; but was:&lt;500&gt;" type="java.lang.AssertionError"><![CDATA[java.lang.AssertionError: Status expected:<200> but was:<500>
	at org.springframework.test.util.AssertionErrors.fail(AssertionErrors.java:61)
	at org.springframework.test.util.AssertionErrors.assertEquals(AssertionErrors.java:128)
	at org.springframework.test.web.servlet.result.StatusResultMatchers.lambda$matcher$9(StatusResultMatchers.java:640)
	at org.springframework.test.web.servlet.MockMvc$1.andExpect(MockMvc.java:214)
	at com.example.usermanagement.security.JwtAuthenticationFilterTest.actuatorHealth_ShouldBeAccessibleWithoutAuth(JwtAuthenticationFilterTest.java:34)
	at java.base/java.lang.reflect.Method.invoke(Method.java:580)
	at java.base/java.util.ArrayList.forEach(ArrayList.java:1596)
	at java.base/java.util.ArrayList.forEach(ArrayList.java:1596)
]]></failure>
    <system-out><![CDATA[
MockHttpServletRequest:
      HTTP Method = GET
      Request URI = /actuator/health
       Parameters = {}
          Headers = []
             Body = null
    Session Attrs = {}

Handler:
             Type = org.springframework.web.servlet.resource.ResourceHttpRequestHandler

Async:
    Async started = false
     Async result = null

Resolved Exception:
             Type = org.springframework.web.servlet.resource.NoResourceFoundException

ModelAndView:
        View name = null
             View = null
            Model = null

FlashMap:
       Attributes = null

MockHttpServletResponse:
           Status = 500
    Error message = null
          Headers = [Vary:"Origin", "Access-Control-Request-Method", "Access-Control-Request-Headers", Content-Type:"application/json", X-Content-Type-Options:"nosniff", X-XSS-Protection:"0", Cache-Control:"no-cache, no-store, max-age=0, must-revalidate", Pragma:"no-cache", Expires:"0", X-Frame-Options:"DENY"]
     Content type = application/json
             Body = {"timestamp":"2025-09-28T22:40:20.3522651","status":500,"error":"Internal Server Error","message":"An unexpected error occurred","path":"/actuator/health"}
    Forwarded URL = null
   Redirected URL = null
          Cookies = []
]]></system-out>
  </testcase>
  <testcase name="protectedEndpoint_ShouldReturn401_WhenNoToken" classname="com.example.usermanagement.security.JwtAuthenticationFilterTest" time="0.008">
    <system-out><![CDATA[
MockHttpServletRequest:
      HTTP Method = GET
      Request URI = /api/dummy
       Parameters = {}
          Headers = []
             Body = null
    Session Attrs = {}

Handler:
             Type = null

Async:
    Async started = false
     Async result = null

Resolved Exception:
             Type = null

ModelAndView:
        View name = null
             View = null
            Model = null

FlashMap:
       Attributes = null

MockHttpServletResponse:
           Status = 401
    Error message = null
          Headers = [Content-Type:"application/json", X-Content-Type-Options:"nosniff", X-XSS-Protection:"0", Cache-Control:"no-cache, no-store, max-age=0, must-revalidate", Pragma:"no-cache", Expires:"0", X-Frame-Options:"DENY"]
     Content type = application/json
             Body = {"timestamp":"2025-09-28T22:40:20.3623397","status":401,"error":"Unauthorized","message":"Invalid or missing token","path":"/api/dummy"}
    Forwarded URL = null
   Redirected URL = null
          Cookies = []
]]></system-out>
  </testcase>
</testsuite>